2018-04-09 00:19:28 ERROR GlobalSeleniumLibrary:256 - Error- 
java.lang.NullPointerException
	at com.custom.library.GlobalSeleniumLibrary.captureScreenshot(GlobalSeleniumLibrary.java:250)
	at com.custom.library.BasePage.afterEachTestComplete(BasePage.java:37)
	at sun.reflect.NativeMethodAccessorImpl.invoke0(Native Method)
	at sun.reflect.NativeMethodAccessorImpl.invoke(Unknown Source)
	at sun.reflect.DelegatingMethodAccessorImpl.invoke(Unknown Source)
	at java.lang.reflect.Method.invoke(Unknown Source)
	at org.testng.internal.MethodInvocationHelper.invokeMethod(MethodInvocationHelper.java:108)
	at org.testng.internal.Invoker.invokeConfigurationMethod(Invoker.java:523)
	at org.testng.internal.Invoker.invokeConfigurations(Invoker.java:224)
	at org.testng.internal.Invoker.invokeMethod(Invoker.java:723)
	at org.testng.internal.Invoker.invokeTestMethod(Invoker.java:869)
	at org.testng.internal.Invoker.invokeTestMethods(Invoker.java:1193)
	at org.testng.internal.TestMethodWorker.invokeTestMethods(TestMethodWorker.java:126)
	at org.testng.internal.TestMethodWorker.run(TestMethodWorker.java:109)
	at org.testng.TestRunner.privateRun(TestRunner.java:744)
	at org.testng.TestRunner.run(TestRunner.java:602)
	at org.testng.SuiteRunner.runTest(SuiteRunner.java:380)
	at org.testng.SuiteRunner.runSequentially(SuiteRunner.java:375)
	at org.testng.SuiteRunner.privateRun(SuiteRunner.java:340)
	at org.testng.SuiteRunner.run(SuiteRunner.java:289)
	at org.testng.SuiteRunnerWorker.runSuite(SuiteRunnerWorker.java:52)
	at org.testng.SuiteRunnerWorker.run(SuiteRunnerWorker.java:86)
	at org.testng.TestNG.runSuitesSequentially(TestNG.java:1301)
	at org.testng.TestNG.runSuitesLocally(TestNG.java:1226)
	at org.testng.TestNG.runSuites(TestNG.java:1144)
	at org.testng.TestNG.run(TestNG.java:1115)
	at org.testng.remote.AbstractRemoteTestNG.run(AbstractRemoteTestNG.java:114)
	at org.testng.remote.RemoteTestNG.initAndRun(RemoteTestNG.java:251)
	at org.testng.remote.RemoteTestNG.main(RemoteTestNG.java:77)
2018-04-09 01:05:21 ERROR GlobalSeleniumLibrary:256 - Error- 
org.openqa.selenium.NoSuchWindowException: Unable to get browser
Build info: version: '3.6.0', revision: '6fbf3ec767', time: '2017-09-27T15:28:36.4Z'
System info: host: 'DESKTOP-V27OF97', ip: '10.1.10.113', os.name: 'Windows 10', os.arch: 'amd64', os.version: '10.0', java.version: '1.8.0_161'
Driver info: org.openqa.selenium.ie.InternetExplorerDriver
Capabilities [{acceptInsecureCerts=false, browserVersion=11, se:ieOptions={nativeEvents=true, browserAttachTimeout=0, ie.ensureCleanSession=true, elementScrollBehavior=0, enablePersistentHover=true, ie.browserCommandLineSwitches=, ie.forceCreateProcessApi=false, requireWindowFocus=false, initialBrowserUrl=http://localhost:40961/, ignoreZoomSetting=false, ie.fileUploadDialogTimeout=3000, ignoreProtectedModeSettings=true}, browserName=internet explorer, pageLoadStrategy=normal, javascriptEnabled=true, platformName=WINDOWS, setWindowRect=true, platform=WINDOWS}]
Session ID: e40dd38a-5991-4669-8fb0-079d767180cf
	at sun.reflect.NativeConstructorAccessorImpl.newInstance0(Native Method)
	at sun.reflect.NativeConstructorAccessorImpl.newInstance(Unknown Source)
	at sun.reflect.DelegatingConstructorAccessorImpl.newInstance(Unknown Source)
	at java.lang.reflect.Constructor.newInstance(Unknown Source)
	at org.openqa.selenium.remote.http.W3CHttpResponseCodec.createException(W3CHttpResponseCodec.java:185)
	at org.openqa.selenium.remote.http.W3CHttpResponseCodec.decode(W3CHttpResponseCodec.java:120)
	at org.openqa.selenium.remote.http.W3CHttpResponseCodec.decode(W3CHttpResponseCodec.java:49)
	at org.openqa.selenium.remote.HttpCommandExecutor.execute(HttpCommandExecutor.java:164)
	at org.openqa.selenium.remote.service.DriverCommandExecutor.execute(DriverCommandExecutor.java:83)
	at org.openqa.selenium.remote.RemoteWebDriver.execute(RemoteWebDriver.java:586)
	at org.openqa.selenium.remote.RemoteWebDriver.execute(RemoteWebDriver.java:643)
	at org.openqa.selenium.ie.InternetExplorerDriver.getScreenshotAs(InternetExplorerDriver.java:235)
	at com.custom.library.GlobalSeleniumLibrary.captureScreenshot(GlobalSeleniumLibrary.java:250)
	at com.custom.library.BasePage.afterEachTestComplete(BasePage.java:37)
	at sun.reflect.NativeMethodAccessorImpl.invoke0(Native Method)
	at sun.reflect.NativeMethodAccessorImpl.invoke(Unknown Source)
	at sun.reflect.DelegatingMethodAccessorImpl.invoke(Unknown Source)
	at java.lang.reflect.Method.invoke(Unknown Source)
	at org.testng.internal.MethodInvocationHelper.invokeMethod(MethodInvocationHelper.java:108)
	at org.testng.internal.Invoker.invokeConfigurationMethod(Invoker.java:523)
	at org.testng.internal.Invoker.invokeConfigurations(Invoker.java:224)
	at org.testng.internal.Invoker.invokeMethod(Invoker.java:723)
	at org.testng.internal.Invoker.invokeTestMethod(Invoker.java:869)
	at org.testng.internal.Invoker.invokeTestMethods(Invoker.java:1193)
	at org.testng.internal.TestMethodWorker.invokeTestMethods(TestMethodWorker.java:126)
	at org.testng.internal.TestMethodWorker.run(TestMethodWorker.java:109)
	at org.testng.TestRunner.privateRun(TestRunner.java:744)
	at org.testng.TestRunner.run(TestRunner.java:602)
	at org.testng.SuiteRunner.runTest(SuiteRunner.java:380)
	at org.testng.SuiteRunner.runSequentially(SuiteRunner.java:375)
	at org.testng.SuiteRunner.privateRun(SuiteRunner.java:340)
	at org.testng.SuiteRunner.run(SuiteRunner.java:289)
	at org.testng.SuiteRunnerWorker.runSuite(SuiteRunnerWorker.java:52)
	at org.testng.SuiteRunnerWorker.run(SuiteRunnerWorker.java:86)
	at org.testng.TestNG.runSuitesSequentially(TestNG.java:1301)
	at org.testng.TestNG.runSuitesLocally(TestNG.java:1226)
	at org.testng.TestNG.runSuites(TestNG.java:1144)
	at org.testng.TestNG.run(TestNG.java:1115)
	at org.testng.remote.AbstractRemoteTestNG.run(AbstractRemoteTestNG.java:114)
	at org.testng.remote.RemoteTestNG.initAndRun(RemoteTestNG.java:251)
	at org.testng.remote.RemoteTestNG.main(RemoteTestNG.java:77)
2018-04-16 19:54:51 INFO  GlobalSeleniumLibrary:486 - Testing file names: OrangeWebsiteTests2018_02_25_23_44_33_292.png
2018-04-16 19:54:52 INFO  GlobalSeleniumLibrary:494 - Testing file timestamp: 2018_02_25_23_44_33_292
2018-04-16 19:54:52 INFO  GlobalSeleniumLibrary:486 - Testing file names: OrangeWebsiteTests2018_02_26_00_08_54_518.png
2018-04-16 19:54:52 INFO  GlobalSeleniumLibrary:494 - Testing file timestamp: 2018_02_26_00_08_54_518
2018-04-16 19:54:52 INFO  GlobalSeleniumLibrary:486 - Testing file names: OrangeWebsiteTests2018_02_26_00_12_33_514.png
2018-04-16 19:54:52 INFO  GlobalSeleniumLibrary:494 - Testing file timestamp: 2018_02_26_00_12_33_514
2018-04-16 19:54:52 INFO  GlobalSeleniumLibrary:486 - Testing file names: OrangeWebsiteTests2018_02_26_00_44_42_79.png
2018-04-16 19:54:52 INFO  GlobalSeleniumLibrary:494 - Testing file timestamp: 2018_02_26_00_44_42_79
2018-04-16 19:54:52 INFO  GlobalSeleniumLibrary:486 - Testing file names: OrangeWebsiteTests2018_02_26_00_51_52_056.png
2018-04-16 19:54:52 INFO  GlobalSeleniumLibrary:494 - Testing file timestamp: 2018_02_26_00_51_52_056
2018-04-16 19:54:52 INFO  GlobalSeleniumLibrary:486 - Testing file names: OrangeWebsiteTests2018_02_26_00_52_42_886.png
2018-04-16 19:54:52 INFO  GlobalSeleniumLibrary:494 - Testing file timestamp: 2018_02_26_00_52_42_886
2018-04-16 19:54:52 INFO  GlobalSeleniumLibrary:486 - Testing file names: OrangeWebsiteTests2018_02_26_01_36_04_458.png
2018-04-16 19:54:52 INFO  GlobalSeleniumLibrary:494 - Testing file timestamp: 2018_02_26_01_36_04_458
2018-04-16 19:54:52 INFO  GlobalSeleniumLibrary:486 - Testing file names: OrangeWebsiteTests2018_02_26_01_39_02_615.png
2018-04-16 19:54:52 INFO  GlobalSeleniumLibrary:494 - Testing file timestamp: 2018_02_26_01_39_02_615
2018-04-16 19:54:52 INFO  GlobalSeleniumLibrary:486 - Testing file names: OrangeWebsiteTests2018_02_26_01_40_38_474.png
2018-04-16 19:54:52 INFO  GlobalSeleniumLibrary:494 - Testing file timestamp: 2018_02_26_01_40_38_474
2018-04-16 19:54:52 INFO  GlobalSeleniumLibrary:486 - Testing file names: OrangeWebsiteTests2018_02_26_03_19_11_601.png
2018-04-16 19:54:52 INFO  GlobalSeleniumLibrary:494 - Testing file timestamp: 2018_02_26_03_19_11_601
2018-04-16 19:54:52 INFO  GlobalSeleniumLibrary:486 - Testing file names: OrangeWebsiteTests2018_02_26_03_34_33_035.png
2018-04-16 19:54:52 INFO  GlobalSeleniumLibrary:494 - Testing file timestamp: 2018_02_26_03_34_33_035
2018-04-16 19:54:52 INFO  GlobalSeleniumLibrary:486 - Testing file names: OrangeWebsiteTests2018_02_26_08_39_23_466.png
2018-04-16 19:54:52 INFO  GlobalSeleniumLibrary:494 - Testing file timestamp: 2018_02_26_08_39_23_466
2018-04-16 19:54:52 INFO  GlobalSeleniumLibrary:486 - Testing file names: OrangeWebsiteTests2018_02_26_08_46_50_446.png
2018-04-16 19:54:52 INFO  GlobalSeleniumLibrary:494 - Testing file timestamp: 2018_02_26_08_46_50_446
2018-04-16 19:54:52 INFO  GlobalSeleniumLibrary:486 - Testing file names: OrangeWebsiteTests2018_02_26_08_46_52_459.png
2018-04-16 19:54:52 INFO  GlobalSeleniumLibrary:494 - Testing file timestamp: 2018_02_26_08_46_52_459
2018-04-16 19:54:52 INFO  GlobalSeleniumLibrary:486 - Testing file names: OrangeWebsiteTests2018_02_26_08_48_58_483.png
2018-04-16 19:54:52 INFO  GlobalSeleniumLibrary:494 - Testing file timestamp: 2018_02_26_08_48_58_483
2018-04-16 19:54:52 INFO  GlobalSeleniumLibrary:486 - Testing file names: OrangeWebsiteTests2018_02_26_09_04_53_64.png
2018-04-16 19:54:52 INFO  GlobalSeleniumLibrary:494 - Testing file timestamp: 2018_02_26_09_04_53_64
2018-04-16 19:54:52 INFO  GlobalSeleniumLibrary:486 - Testing file names: OrangeWebsiteTests2018_02_26_15_21_18_817.png
2018-04-16 19:54:52 INFO  GlobalSeleniumLibrary:494 - Testing file timestamp: 2018_02_26_15_21_18_817
2018-04-16 19:54:52 INFO  GlobalSeleniumLibrary:486 - Testing file names: OrangeWebsiteTests2018_02_26_15_22_31_582.png
2018-04-16 19:54:52 INFO  GlobalSeleniumLibrary:494 - Testing file timestamp: 2018_02_26_15_22_31_582
2018-04-16 19:54:52 INFO  GlobalSeleniumLibrary:486 - Testing file names: OrangeWebsiteTests2018_04_08_17_03_32_185.png
2018-04-16 19:54:52 INFO  GlobalSeleniumLibrary:494 - Testing file timestamp: 2018_04_08_17_03_32_185
2018-04-16 19:54:52 INFO  GlobalSeleniumLibrary:486 - Testing file names: OrangeWebsiteTests2018_04_08_17_03_33_293.png
2018-04-16 19:54:52 INFO  GlobalSeleniumLibrary:494 - Testing file timestamp: 2018_04_08_17_03_33_293
2018-04-16 19:54:52 INFO  GlobalSeleniumLibrary:486 - Testing file names: OrangeWebsiteTests2018_04_09_00_21_58_853.png
2018-04-16 19:54:52 INFO  GlobalSeleniumLibrary:494 - Testing file timestamp: 2018_04_09_00_21_58_853
2018-04-16 19:54:52 INFO  GlobalSeleniumLibrary:486 - Testing file names: OrangeWebsiteTests2018_04_09_00_24_37_247.png
2018-04-16 19:54:52 INFO  GlobalSeleniumLibrary:494 - Testing file timestamp: 2018_04_09_00_24_37_247
2018-04-16 19:54:52 INFO  GlobalSeleniumLibrary:486 - Testing file names: OrangeWebsiteTests2018_04_09_00_26_37_158.png
2018-04-16 19:54:52 INFO  GlobalSeleniumLibrary:494 - Testing file timestamp: 2018_04_09_00_26_37_158
2018-04-16 19:54:52 INFO  GlobalSeleniumLibrary:486 - Testing file names: OrangeWebsiteTests2018_04_09_00_27_36_763.png
2018-04-16 19:54:52 INFO  GlobalSeleniumLibrary:494 - Testing file timestamp: 2018_04_09_00_27_36_763
2018-04-16 19:54:52 INFO  GlobalSeleniumLibrary:486 - Testing file names: OrangeWebsiteTests2018_04_09_00_28_47_794.png
2018-04-16 19:54:52 INFO  GlobalSeleniumLibrary:494 - Testing file timestamp: 2018_04_09_00_28_47_794
2018-04-16 19:54:52 INFO  GlobalSeleniumLibrary:486 - Testing file names: OrangeWebsiteTests2018_04_09_01_06_31_368.png
2018-04-16 19:54:52 INFO  GlobalSeleniumLibrary:494 - Testing file timestamp: 2018_04_09_01_06_31_368
2018-04-16 19:56:40 INFO  GlobalSeleniumLibrary:486 - Testing file names: OrangeWebsiteTests2018_02_25_23_44_33_292.png
2018-04-16 19:56:40 INFO  GlobalSeleniumLibrary:494 - Testing file timestamp: 2018_02_25_23_44_33_292
2018-04-16 19:56:40 INFO  GlobalSeleniumLibrary:486 - Testing file names: OrangeWebsiteTests2018_02_26_00_08_54_518.png
2018-04-16 19:56:40 INFO  GlobalSeleniumLibrary:494 - Testing file timestamp: 2018_02_26_00_08_54_518
2018-04-16 19:56:40 INFO  GlobalSeleniumLibrary:486 - Testing file names: OrangeWebsiteTests2018_02_26_00_12_33_514.png
2018-04-16 19:56:40 INFO  GlobalSeleniumLibrary:494 - Testing file timestamp: 2018_02_26_00_12_33_514
2018-04-16 19:56:40 INFO  GlobalSeleniumLibrary:486 - Testing file names: OrangeWebsiteTests2018_02_26_00_44_42_79.png
2018-04-16 19:56:40 INFO  GlobalSeleniumLibrary:494 - Testing file timestamp: 2018_02_26_00_44_42_79
2018-04-16 19:56:40 INFO  GlobalSeleniumLibrary:486 - Testing file names: OrangeWebsiteTests2018_02_26_00_51_52_056.png
2018-04-16 19:56:40 INFO  GlobalSeleniumLibrary:494 - Testing file timestamp: 2018_02_26_00_51_52_056
2018-04-16 19:56:40 INFO  GlobalSeleniumLibrary:486 - Testing file names: OrangeWebsiteTests2018_02_26_00_52_42_886.png
2018-04-16 19:56:40 INFO  GlobalSeleniumLibrary:494 - Testing file timestamp: 2018_02_26_00_52_42_886
2018-04-16 19:56:40 INFO  GlobalSeleniumLibrary:486 - Testing file names: OrangeWebsiteTests2018_02_26_01_36_04_458.png
2018-04-16 19:56:40 INFO  GlobalSeleniumLibrary:494 - Testing file timestamp: 2018_02_26_01_36_04_458
2018-04-16 19:56:40 INFO  GlobalSeleniumLibrary:486 - Testing file names: OrangeWebsiteTests2018_02_26_01_39_02_615.png
2018-04-16 19:56:40 INFO  GlobalSeleniumLibrary:494 - Testing file timestamp: 2018_02_26_01_39_02_615
2018-04-16 19:56:40 INFO  GlobalSeleniumLibrary:486 - Testing file names: OrangeWebsiteTests2018_02_26_01_40_38_474.png
2018-04-16 19:56:40 INFO  GlobalSeleniumLibrary:494 - Testing file timestamp: 2018_02_26_01_40_38_474
2018-04-16 19:56:40 INFO  GlobalSeleniumLibrary:486 - Testing file names: OrangeWebsiteTests2018_02_26_03_19_11_601.png
2018-04-16 19:56:40 INFO  GlobalSeleniumLibrary:494 - Testing file timestamp: 2018_02_26_03_19_11_601
2018-04-16 19:56:40 INFO  GlobalSeleniumLibrary:486 - Testing file names: OrangeWebsiteTests2018_02_26_03_34_33_035.png
2018-04-16 19:56:40 INFO  GlobalSeleniumLibrary:494 - Testing file timestamp: 2018_02_26_03_34_33_035
2018-04-16 19:56:40 INFO  GlobalSeleniumLibrary:486 - Testing file names: OrangeWebsiteTests2018_02_26_08_39_23_466.png
2018-04-16 19:56:40 INFO  GlobalSeleniumLibrary:494 - Testing file timestamp: 2018_02_26_08_39_23_466
2018-04-16 19:56:40 INFO  GlobalSeleniumLibrary:486 - Testing file names: OrangeWebsiteTests2018_02_26_08_46_50_446.png
2018-04-16 19:56:40 INFO  GlobalSeleniumLibrary:494 - Testing file timestamp: 2018_02_26_08_46_50_446
2018-04-16 19:56:40 INFO  GlobalSeleniumLibrary:486 - Testing file names: OrangeWebsiteTests2018_02_26_08_46_52_459.png
2018-04-16 19:56:40 INFO  GlobalSeleniumLibrary:494 - Testing file timestamp: 2018_02_26_08_46_52_459
2018-04-16 19:56:40 INFO  GlobalSeleniumLibrary:486 - Testing file names: OrangeWebsiteTests2018_02_26_08_48_58_483.png
2018-04-16 19:56:40 INFO  GlobalSeleniumLibrary:494 - Testing file timestamp: 2018_02_26_08_48_58_483
2018-04-16 19:56:40 INFO  GlobalSeleniumLibrary:486 - Testing file names: OrangeWebsiteTests2018_02_26_09_04_53_64.png
2018-04-16 19:56:40 INFO  GlobalSeleniumLibrary:494 - Testing file timestamp: 2018_02_26_09_04_53_64
2018-04-16 19:56:40 INFO  GlobalSeleniumLibrary:486 - Testing file names: OrangeWebsiteTests2018_02_26_15_21_18_817.png
2018-04-16 19:56:40 INFO  GlobalSeleniumLibrary:494 - Testing file timestamp: 2018_02_26_15_21_18_817
2018-04-16 19:56:40 INFO  GlobalSeleniumLibrary:486 - Testing file names: OrangeWebsiteTests2018_02_26_15_22_31_582.png
2018-04-16 19:56:40 INFO  GlobalSeleniumLibrary:494 - Testing file timestamp: 2018_02_26_15_22_31_582
2018-04-16 19:56:40 INFO  GlobalSeleniumLibrary:486 - Testing file names: OrangeWebsiteTests2018_04_08_17_03_32_185.png
2018-04-16 19:56:40 INFO  GlobalSeleniumLibrary:494 - Testing file timestamp: 2018_04_08_17_03_32_185
2018-04-16 19:56:40 INFO  GlobalSeleniumLibrary:486 - Testing file names: OrangeWebsiteTests2018_04_08_17_03_33_293.png
2018-04-16 19:56:40 INFO  GlobalSeleniumLibrary:494 - Testing file timestamp: 2018_04_08_17_03_33_293
2018-04-16 19:56:40 INFO  GlobalSeleniumLibrary:486 - Testing file names: OrangeWebsiteTests2018_04_09_00_21_58_853.png
2018-04-16 19:56:40 INFO  GlobalSeleniumLibrary:494 - Testing file timestamp: 2018_04_09_00_21_58_853
2018-04-16 19:56:40 INFO  GlobalSeleniumLibrary:486 - Testing file names: OrangeWebsiteTests2018_04_09_00_24_37_247.png
2018-04-16 19:56:40 INFO  GlobalSeleniumLibrary:494 - Testing file timestamp: 2018_04_09_00_24_37_247
2018-04-16 19:56:40 INFO  GlobalSeleniumLibrary:486 - Testing file names: OrangeWebsiteTests2018_04_09_00_26_37_158.png
2018-04-16 19:56:40 INFO  GlobalSeleniumLibrary:494 - Testing file timestamp: 2018_04_09_00_26_37_158
2018-04-16 19:56:40 INFO  GlobalSeleniumLibrary:486 - Testing file names: OrangeWebsiteTests2018_04_09_00_27_36_763.png
2018-04-16 19:56:40 INFO  GlobalSeleniumLibrary:494 - Testing file timestamp: 2018_04_09_00_27_36_763
2018-04-16 19:56:40 INFO  GlobalSeleniumLibrary:486 - Testing file names: OrangeWebsiteTests2018_04_09_00_28_47_794.png
2018-04-16 19:56:40 INFO  GlobalSeleniumLibrary:494 - Testing file timestamp: 2018_04_09_00_28_47_794
2018-04-16 19:56:40 INFO  GlobalSeleniumLibrary:486 - Testing file names: OrangeWebsiteTests2018_04_09_01_06_31_368.png
2018-04-16 19:56:40 INFO  GlobalSeleniumLibrary:494 - Testing file timestamp: 2018_04_09_01_06_31_368
2018-04-16 20:01:39 INFO  GlobalSeleniumLibrary:486 - Testing file names: OrangeWebsiteTests2018_02_25_23_44_33_292.png
2018-04-16 20:01:39 INFO  GlobalSeleniumLibrary:494 - Testing file timestamp: 2018_02_25_23_44_33_292
2018-04-16 20:01:39 INFO  GlobalSeleniumLibrary:486 - Testing file names: OrangeWebsiteTests2018_02_26_00_08_54_518.png
2018-04-16 20:01:39 INFO  GlobalSeleniumLibrary:494 - Testing file timestamp: 2018_02_26_00_08_54_518
2018-04-16 20:01:39 INFO  GlobalSeleniumLibrary:486 - Testing file names: OrangeWebsiteTests2018_02_26_00_12_33_514.png
2018-04-16 20:01:39 INFO  GlobalSeleniumLibrary:494 - Testing file timestamp: 2018_02_26_00_12_33_514
2018-04-16 20:01:39 INFO  GlobalSeleniumLibrary:486 - Testing file names: OrangeWebsiteTests2018_02_26_00_44_42_79.png
2018-04-16 20:01:39 INFO  GlobalSeleniumLibrary:494 - Testing file timestamp: 2018_02_26_00_44_42_79
2018-04-16 20:01:39 INFO  GlobalSeleniumLibrary:486 - Testing file names: OrangeWebsiteTests2018_02_26_00_51_52_056.png
2018-04-16 20:01:39 INFO  GlobalSeleniumLibrary:494 - Testing file timestamp: 2018_02_26_00_51_52_056
2018-04-16 20:01:39 INFO  GlobalSeleniumLibrary:486 - Testing file names: OrangeWebsiteTests2018_02_26_00_52_42_886.png
2018-04-16 20:01:39 INFO  GlobalSeleniumLibrary:494 - Testing file timestamp: 2018_02_26_00_52_42_886
2018-04-16 20:01:39 INFO  GlobalSeleniumLibrary:486 - Testing file names: OrangeWebsiteTests2018_02_26_01_36_04_458.png
2018-04-16 20:01:39 INFO  GlobalSeleniumLibrary:494 - Testing file timestamp: 2018_02_26_01_36_04_458
2018-04-16 20:01:39 INFO  GlobalSeleniumLibrary:486 - Testing file names: OrangeWebsiteTests2018_02_26_01_39_02_615.png
2018-04-16 20:01:39 INFO  GlobalSeleniumLibrary:494 - Testing file timestamp: 2018_02_26_01_39_02_615
2018-04-16 20:01:39 INFO  GlobalSeleniumLibrary:486 - Testing file names: OrangeWebsiteTests2018_02_26_01_40_38_474.png
2018-04-16 20:01:39 INFO  GlobalSeleniumLibrary:494 - Testing file timestamp: 2018_02_26_01_40_38_474
2018-04-16 20:01:39 INFO  GlobalSeleniumLibrary:486 - Testing file names: OrangeWebsiteTests2018_02_26_03_19_11_601.png
2018-04-16 20:01:39 INFO  GlobalSeleniumLibrary:494 - Testing file timestamp: 2018_02_26_03_19_11_601
2018-04-16 20:01:39 INFO  GlobalSeleniumLibrary:486 - Testing file names: OrangeWebsiteTests2018_02_26_03_34_33_035.png
2018-04-16 20:01:39 INFO  GlobalSeleniumLibrary:494 - Testing file timestamp: 2018_02_26_03_34_33_035
2018-04-16 20:01:39 INFO  GlobalSeleniumLibrary:486 - Testing file names: OrangeWebsiteTests2018_02_26_08_39_23_466.png
2018-04-16 20:01:39 INFO  GlobalSeleniumLibrary:494 - Testing file timestamp: 2018_02_26_08_39_23_466
2018-04-16 20:01:39 INFO  GlobalSeleniumLibrary:486 - Testing file names: OrangeWebsiteTests2018_02_26_08_46_50_446.png
2018-04-16 20:01:39 INFO  GlobalSeleniumLibrary:494 - Testing file timestamp: 2018_02_26_08_46_50_446
2018-04-16 20:01:39 INFO  GlobalSeleniumLibrary:486 - Testing file names: OrangeWebsiteTests2018_02_26_08_46_52_459.png
2018-04-16 20:01:39 INFO  GlobalSeleniumLibrary:494 - Testing file timestamp: 2018_02_26_08_46_52_459
2018-04-16 20:01:39 INFO  GlobalSeleniumLibrary:486 - Testing file names: OrangeWebsiteTests2018_02_26_08_48_58_483.png
2018-04-16 20:01:39 INFO  GlobalSeleniumLibrary:494 - Testing file timestamp: 2018_02_26_08_48_58_483
2018-04-16 20:01:39 INFO  GlobalSeleniumLibrary:486 - Testing file names: OrangeWebsiteTests2018_02_26_09_04_53_64.png
2018-04-16 20:01:39 INFO  GlobalSeleniumLibrary:494 - Testing file timestamp: 2018_02_26_09_04_53_64
2018-04-16 20:01:39 INFO  GlobalSeleniumLibrary:486 - Testing file names: OrangeWebsiteTests2018_02_26_15_21_18_817.png
2018-04-16 20:01:39 INFO  GlobalSeleniumLibrary:494 - Testing file timestamp: 2018_02_26_15_21_18_817
2018-04-16 20:01:39 INFO  GlobalSeleniumLibrary:486 - Testing file names: OrangeWebsiteTests2018_02_26_15_22_31_582.png
2018-04-16 20:01:39 INFO  GlobalSeleniumLibrary:494 - Testing file timestamp: 2018_02_26_15_22_31_582
2018-04-16 20:01:39 INFO  GlobalSeleniumLibrary:486 - Testing file names: OrangeWebsiteTests2018_04_08_17_03_32_185.png
2018-04-16 20:01:39 INFO  GlobalSeleniumLibrary:494 - Testing file timestamp: 2018_04_08_17_03_32_185
2018-04-16 20:01:39 INFO  GlobalSeleniumLibrary:486 - Testing file names: OrangeWebsiteTests2018_04_08_17_03_33_293.png
2018-04-16 20:01:39 INFO  GlobalSeleniumLibrary:494 - Testing file timestamp: 2018_04_08_17_03_33_293
2018-04-16 20:01:39 INFO  GlobalSeleniumLibrary:486 - Testing file names: OrangeWebsiteTests2018_04_09_00_21_58_853.png
2018-04-16 20:01:39 INFO  GlobalSeleniumLibrary:494 - Testing file timestamp: 2018_04_09_00_21_58_853
2018-04-16 20:01:39 INFO  GlobalSeleniumLibrary:486 - Testing file names: OrangeWebsiteTests2018_04_09_00_24_37_247.png
2018-04-16 20:01:39 INFO  GlobalSeleniumLibrary:494 - Testing file timestamp: 2018_04_09_00_24_37_247
2018-04-16 20:01:39 INFO  GlobalSeleniumLibrary:486 - Testing file names: OrangeWebsiteTests2018_04_09_00_26_37_158.png
2018-04-16 20:01:39 INFO  GlobalSeleniumLibrary:494 - Testing file timestamp: 2018_04_09_00_26_37_158
2018-04-16 20:01:39 INFO  GlobalSeleniumLibrary:486 - Testing file names: OrangeWebsiteTests2018_04_09_00_27_36_763.png
2018-04-16 20:01:39 INFO  GlobalSeleniumLibrary:494 - Testing file timestamp: 2018_04_09_00_27_36_763
2018-04-16 20:01:39 INFO  GlobalSeleniumLibrary:486 - Testing file names: OrangeWebsiteTests2018_04_09_00_28_47_794.png
2018-04-16 20:01:39 INFO  GlobalSeleniumLibrary:494 - Testing file timestamp: 2018_04_09_00_28_47_794
2018-04-16 20:01:39 INFO  GlobalSeleniumLibrary:486 - Testing file names: OrangeWebsiteTests2018_04_09_01_06_31_368.png
2018-04-16 20:01:39 INFO  GlobalSeleniumLibrary:494 - Testing file timestamp: 2018_04_09_01_06_31_368
2018-04-16 20:01:39 INFO  EmailManager:73 - step1> preparing email configuration...
2018-04-16 20:01:39 INFO  EmailManager:119 - Step2> attaching report files & error screenshots...
2018-04-16 20:01:39 INFO  EmailManager:124 - Step3> Sending e-mail in progress...
2018-04-16 20:01:41 ERROR EmailManager:129 - Sending email failed...
javax.mail.AuthenticationFailedException: 535-5.7.8 Username and Password not accepted. Learn more at
535 5.7.8  https://support.google.com/mail/?p=BadCredentials u198sm10184068qka.68 - gsmtp

	at com.sun.mail.smtp.SMTPTransport$Authenticator.authenticate(SMTPTransport.java:826)
	at com.sun.mail.smtp.SMTPTransport.authenticate(SMTPTransport.java:761)
	at com.sun.mail.smtp.SMTPTransport.protocolConnect(SMTPTransport.java:685)
	at javax.mail.Service.connect(Service.java:317)
	at javax.mail.Service.connect(Service.java:176)
	at javax.mail.Service.connect(Service.java:125)
	at javax.mail.Transport.send0(Transport.java:194)
	at javax.mail.Transport.send(Transport.java:124)
	at com.custom.library.EmailManager.sendEmail(EmailManager.java:125)
	at com.custom.library.EmailManager.sendEmail(EmailManager.java:57)
	at com.custom.library.BasePage.afterAllTestsComplete(BasePage.java:76)
	at sun.reflect.NativeMethodAccessorImpl.invoke0(Native Method)
	at sun.reflect.NativeMethodAccessorImpl.invoke(Unknown Source)
	at sun.reflect.DelegatingMethodAccessorImpl.invoke(Unknown Source)
	at java.lang.reflect.Method.invoke(Unknown Source)
	at org.testng.internal.MethodInvocationHelper.invokeMethod(MethodInvocationHelper.java:108)
	at org.testng.internal.Invoker.invokeConfigurationMethod(Invoker.java:523)
	at org.testng.internal.Invoker.invokeConfigurations(Invoker.java:224)
	at org.testng.internal.Invoker.invokeConfigurations(Invoker.java:146)
	at org.testng.internal.TestMethodWorker.invokeAfterClassMethods(TestMethodWorker.java:212)
	at org.testng.internal.TestMethodWorker.run(TestMethodWorker.java:112)
	at org.testng.TestRunner.privateRun(TestRunner.java:744)
	at org.testng.TestRunner.run(TestRunner.java:602)
	at org.testng.SuiteRunner.runTest(SuiteRunner.java:380)
	at org.testng.SuiteRunner.runSequentially(SuiteRunner.java:375)
	at org.testng.SuiteRunner.privateRun(SuiteRunner.java:340)
	at org.testng.SuiteRunner.run(SuiteRunner.java:289)
	at org.testng.SuiteRunnerWorker.runSuite(SuiteRunnerWorker.java:52)
	at org.testng.SuiteRunnerWorker.run(SuiteRunnerWorker.java:86)
	at org.testng.TestNG.runSuitesSequentially(TestNG.java:1301)
	at org.testng.TestNG.runSuitesLocally(TestNG.java:1226)
	at org.testng.TestNG.runSuites(TestNG.java:1144)
	at org.testng.TestNG.run(TestNG.java:1115)
	at org.testng.remote.AbstractRemoteTestNG.run(AbstractRemoteTestNG.java:114)
	at org.testng.remote.RemoteTestNG.initAndRun(RemoteTestNG.java:251)
	at org.testng.remote.RemoteTestNG.main(RemoteTestNG.java:77)
2018-04-16 20:29:44 INFO  GlobalSeleniumLibrary:486 - Testing file names: OrangeWebsiteTests2018_02_25_23_44_33_292.png
2018-04-16 20:29:44 INFO  GlobalSeleniumLibrary:494 - Testing file timestamp: 2018_02_25_23_44_33_292
2018-04-16 20:29:44 INFO  GlobalSeleniumLibrary:486 - Testing file names: OrangeWebsiteTests2018_02_26_00_08_54_518.png
2018-04-16 20:29:44 INFO  GlobalSeleniumLibrary:494 - Testing file timestamp: 2018_02_26_00_08_54_518
2018-04-16 20:29:44 INFO  GlobalSeleniumLibrary:486 - Testing file names: OrangeWebsiteTests2018_02_26_00_12_33_514.png
2018-04-16 20:29:44 INFO  GlobalSeleniumLibrary:494 - Testing file timestamp: 2018_02_26_00_12_33_514
2018-04-16 20:29:44 INFO  GlobalSeleniumLibrary:486 - Testing file names: OrangeWebsiteTests2018_02_26_00_44_42_79.png
2018-04-16 20:29:44 INFO  GlobalSeleniumLibrary:494 - Testing file timestamp: 2018_02_26_00_44_42_79
2018-04-16 20:29:44 INFO  GlobalSeleniumLibrary:486 - Testing file names: OrangeWebsiteTests2018_02_26_00_51_52_056.png
2018-04-16 20:29:44 INFO  GlobalSeleniumLibrary:494 - Testing file timestamp: 2018_02_26_00_51_52_056
2018-04-16 20:29:44 INFO  GlobalSeleniumLibrary:486 - Testing file names: OrangeWebsiteTests2018_02_26_00_52_42_886.png
2018-04-16 20:29:44 INFO  GlobalSeleniumLibrary:494 - Testing file timestamp: 2018_02_26_00_52_42_886
2018-04-16 20:29:44 INFO  GlobalSeleniumLibrary:486 - Testing file names: OrangeWebsiteTests2018_02_26_01_36_04_458.png
2018-04-16 20:29:44 INFO  GlobalSeleniumLibrary:494 - Testing file timestamp: 2018_02_26_01_36_04_458
2018-04-16 20:29:44 INFO  GlobalSeleniumLibrary:486 - Testing file names: OrangeWebsiteTests2018_02_26_01_39_02_615.png
2018-04-16 20:29:44 INFO  GlobalSeleniumLibrary:494 - Testing file timestamp: 2018_02_26_01_39_02_615
2018-04-16 20:29:44 INFO  GlobalSeleniumLibrary:486 - Testing file names: OrangeWebsiteTests2018_02_26_01_40_38_474.png
2018-04-16 20:29:44 INFO  GlobalSeleniumLibrary:494 - Testing file timestamp: 2018_02_26_01_40_38_474
2018-04-16 20:29:44 INFO  GlobalSeleniumLibrary:486 - Testing file names: OrangeWebsiteTests2018_02_26_03_19_11_601.png
2018-04-16 20:29:44 INFO  GlobalSeleniumLibrary:494 - Testing file timestamp: 2018_02_26_03_19_11_601
2018-04-16 20:29:44 INFO  GlobalSeleniumLibrary:486 - Testing file names: OrangeWebsiteTests2018_02_26_03_34_33_035.png
2018-04-16 20:29:44 INFO  GlobalSeleniumLibrary:494 - Testing file timestamp: 2018_02_26_03_34_33_035
2018-04-16 20:29:44 INFO  GlobalSeleniumLibrary:486 - Testing file names: OrangeWebsiteTests2018_02_26_08_39_23_466.png
2018-04-16 20:29:44 INFO  GlobalSeleniumLibrary:494 - Testing file timestamp: 2018_02_26_08_39_23_466
2018-04-16 20:29:44 INFO  GlobalSeleniumLibrary:486 - Testing file names: OrangeWebsiteTests2018_02_26_08_46_50_446.png
2018-04-16 20:29:44 INFO  GlobalSeleniumLibrary:494 - Testing file timestamp: 2018_02_26_08_46_50_446
2018-04-16 20:29:44 INFO  GlobalSeleniumLibrary:486 - Testing file names: OrangeWebsiteTests2018_02_26_08_46_52_459.png
2018-04-16 20:29:44 INFO  GlobalSeleniumLibrary:494 - Testing file timestamp: 2018_02_26_08_46_52_459
2018-04-16 20:29:44 INFO  GlobalSeleniumLibrary:486 - Testing file names: OrangeWebsiteTests2018_02_26_08_48_58_483.png
2018-04-16 20:29:44 INFO  GlobalSeleniumLibrary:494 - Testing file timestamp: 2018_02_26_08_48_58_483
2018-04-16 20:29:44 INFO  GlobalSeleniumLibrary:486 - Testing file names: OrangeWebsiteTests2018_02_26_09_04_53_64.png
2018-04-16 20:29:44 INFO  GlobalSeleniumLibrary:494 - Testing file timestamp: 2018_02_26_09_04_53_64
2018-04-16 20:29:44 INFO  GlobalSeleniumLibrary:486 - Testing file names: OrangeWebsiteTests2018_02_26_15_21_18_817.png
2018-04-16 20:29:44 INFO  GlobalSeleniumLibrary:494 - Testing file timestamp: 2018_02_26_15_21_18_817
2018-04-16 20:29:44 INFO  GlobalSeleniumLibrary:486 - Testing file names: OrangeWebsiteTests2018_02_26_15_22_31_582.png
2018-04-16 20:29:44 INFO  GlobalSeleniumLibrary:494 - Testing file timestamp: 2018_02_26_15_22_31_582
2018-04-16 20:29:44 INFO  GlobalSeleniumLibrary:486 - Testing file names: OrangeWebsiteTests2018_04_08_17_03_32_185.png
2018-04-16 20:29:44 INFO  GlobalSeleniumLibrary:494 - Testing file timestamp: 2018_04_08_17_03_32_185
2018-04-16 20:29:44 INFO  GlobalSeleniumLibrary:486 - Testing file names: OrangeWebsiteTests2018_04_08_17_03_33_293.png
2018-04-16 20:29:44 INFO  GlobalSeleniumLibrary:494 - Testing file timestamp: 2018_04_08_17_03_33_293
2018-04-16 20:29:44 INFO  GlobalSeleniumLibrary:486 - Testing file names: OrangeWebsiteTests2018_04_09_00_21_58_853.png
2018-04-16 20:29:44 INFO  GlobalSeleniumLibrary:494 - Testing file timestamp: 2018_04_09_00_21_58_853
2018-04-16 20:29:44 INFO  GlobalSeleniumLibrary:486 - Testing file names: OrangeWebsiteTests2018_04_09_00_24_37_247.png
2018-04-16 20:29:44 INFO  GlobalSeleniumLibrary:494 - Testing file timestamp: 2018_04_09_00_24_37_247
2018-04-16 20:29:44 INFO  GlobalSeleniumLibrary:486 - Testing file names: OrangeWebsiteTests2018_04_09_00_26_37_158.png
2018-04-16 20:29:44 INFO  GlobalSeleniumLibrary:494 - Testing file timestamp: 2018_04_09_00_26_37_158
2018-04-16 20:29:44 INFO  GlobalSeleniumLibrary:486 - Testing file names: OrangeWebsiteTests2018_04_09_00_27_36_763.png
2018-04-16 20:29:44 INFO  GlobalSeleniumLibrary:494 - Testing file timestamp: 2018_04_09_00_27_36_763
2018-04-16 20:29:44 INFO  GlobalSeleniumLibrary:486 - Testing file names: OrangeWebsiteTests2018_04_09_00_28_47_794.png
2018-04-16 20:29:44 INFO  GlobalSeleniumLibrary:494 - Testing file timestamp: 2018_04_09_00_28_47_794
2018-04-16 20:29:44 INFO  GlobalSeleniumLibrary:486 - Testing file names: OrangeWebsiteTests2018_04_09_01_06_31_368.png
2018-04-16 20:29:44 INFO  GlobalSeleniumLibrary:494 - Testing file timestamp: 2018_04_09_01_06_31_368
2018-04-16 20:29:44 INFO  EmailManager:73 - step1> preparing email configuration...
2018-04-16 20:29:44 INFO  EmailManager:119 - Step2> attaching report files & error screenshots...
2018-04-16 20:29:44 INFO  EmailManager:124 - Step3> Sending e-mail in progress...
2018-04-16 20:29:46 INFO  EmailManager:126 - Step4> Sending e-mail complete...
2018-04-16 20:34:26 INFO  GlobalSeleniumLibrary:486 - Testing file names: OrangeWebsiteTests2018_02_25_23_44_33_292.png
2018-04-16 20:34:26 INFO  GlobalSeleniumLibrary:494 - Testing file timestamp: 2018_02_25_23_44_33_292
2018-04-16 20:34:26 INFO  GlobalSeleniumLibrary:486 - Testing file names: OrangeWebsiteTests2018_02_26_00_08_54_518.png
2018-04-16 20:34:26 INFO  GlobalSeleniumLibrary:494 - Testing file timestamp: 2018_02_26_00_08_54_518
2018-04-16 20:34:26 INFO  GlobalSeleniumLibrary:486 - Testing file names: OrangeWebsiteTests2018_02_26_00_12_33_514.png
2018-04-16 20:34:26 INFO  GlobalSeleniumLibrary:494 - Testing file timestamp: 2018_02_26_00_12_33_514
2018-04-16 20:34:26 INFO  GlobalSeleniumLibrary:486 - Testing file names: OrangeWebsiteTests2018_02_26_00_44_42_79.png
2018-04-16 20:34:26 INFO  GlobalSeleniumLibrary:494 - Testing file timestamp: 2018_02_26_00_44_42_79
2018-04-16 20:34:26 INFO  GlobalSeleniumLibrary:486 - Testing file names: OrangeWebsiteTests2018_02_26_00_51_52_056.png
2018-04-16 20:34:26 INFO  GlobalSeleniumLibrary:494 - Testing file timestamp: 2018_02_26_00_51_52_056
2018-04-16 20:34:26 INFO  GlobalSeleniumLibrary:486 - Testing file names: OrangeWebsiteTests2018_02_26_00_52_42_886.png
2018-04-16 20:34:26 INFO  GlobalSeleniumLibrary:494 - Testing file timestamp: 2018_02_26_00_52_42_886
2018-04-16 20:34:26 INFO  GlobalSeleniumLibrary:486 - Testing file names: OrangeWebsiteTests2018_02_26_01_36_04_458.png
2018-04-16 20:34:26 INFO  GlobalSeleniumLibrary:494 - Testing file timestamp: 2018_02_26_01_36_04_458
2018-04-16 20:34:26 INFO  GlobalSeleniumLibrary:486 - Testing file names: OrangeWebsiteTests2018_02_26_01_39_02_615.png
2018-04-16 20:34:26 INFO  GlobalSeleniumLibrary:494 - Testing file timestamp: 2018_02_26_01_39_02_615
2018-04-16 20:34:26 INFO  GlobalSeleniumLibrary:486 - Testing file names: OrangeWebsiteTests2018_02_26_01_40_38_474.png
2018-04-16 20:34:26 INFO  GlobalSeleniumLibrary:494 - Testing file timestamp: 2018_02_26_01_40_38_474
2018-04-16 20:34:26 INFO  GlobalSeleniumLibrary:486 - Testing file names: OrangeWebsiteTests2018_02_26_03_19_11_601.png
2018-04-16 20:34:26 INFO  GlobalSeleniumLibrary:494 - Testing file timestamp: 2018_02_26_03_19_11_601
2018-04-16 20:34:26 INFO  GlobalSeleniumLibrary:486 - Testing file names: OrangeWebsiteTests2018_02_26_03_34_33_035.png
2018-04-16 20:34:26 INFO  GlobalSeleniumLibrary:494 - Testing file timestamp: 2018_02_26_03_34_33_035
2018-04-16 20:34:26 INFO  GlobalSeleniumLibrary:486 - Testing file names: OrangeWebsiteTests2018_02_26_08_39_23_466.png
2018-04-16 20:34:26 INFO  GlobalSeleniumLibrary:494 - Testing file timestamp: 2018_02_26_08_39_23_466
2018-04-16 20:34:26 INFO  GlobalSeleniumLibrary:486 - Testing file names: OrangeWebsiteTests2018_02_26_08_46_50_446.png
2018-04-16 20:34:26 INFO  GlobalSeleniumLibrary:494 - Testing file timestamp: 2018_02_26_08_46_50_446
2018-04-16 20:34:26 INFO  GlobalSeleniumLibrary:486 - Testing file names: OrangeWebsiteTests2018_02_26_08_46_52_459.png
2018-04-16 20:34:26 INFO  GlobalSeleniumLibrary:494 - Testing file timestamp: 2018_02_26_08_46_52_459
2018-04-16 20:34:26 INFO  GlobalSeleniumLibrary:486 - Testing file names: OrangeWebsiteTests2018_02_26_08_48_58_483.png
2018-04-16 20:34:26 INFO  GlobalSeleniumLibrary:494 - Testing file timestamp: 2018_02_26_08_48_58_483
2018-04-16 20:34:26 INFO  GlobalSeleniumLibrary:486 - Testing file names: OrangeWebsiteTests2018_02_26_09_04_53_64.png
2018-04-16 20:34:26 INFO  GlobalSeleniumLibrary:494 - Testing file timestamp: 2018_02_26_09_04_53_64
2018-04-16 20:34:26 INFO  GlobalSeleniumLibrary:486 - Testing file names: OrangeWebsiteTests2018_02_26_15_21_18_817.png
2018-04-16 20:34:26 INFO  GlobalSeleniumLibrary:494 - Testing file timestamp: 2018_02_26_15_21_18_817
2018-04-16 20:34:26 INFO  GlobalSeleniumLibrary:486 - Testing file names: OrangeWebsiteTests2018_02_26_15_22_31_582.png
2018-04-16 20:34:26 INFO  GlobalSeleniumLibrary:494 - Testing file timestamp: 2018_02_26_15_22_31_582
2018-04-16 20:34:26 INFO  GlobalSeleniumLibrary:486 - Testing file names: OrangeWebsiteTests2018_04_08_17_03_32_185.png
2018-04-16 20:34:26 INFO  GlobalSeleniumLibrary:494 - Testing file timestamp: 2018_04_08_17_03_32_185
2018-04-16 20:34:26 INFO  GlobalSeleniumLibrary:486 - Testing file names: OrangeWebsiteTests2018_04_08_17_03_33_293.png
2018-04-16 20:34:26 INFO  GlobalSeleniumLibrary:494 - Testing file timestamp: 2018_04_08_17_03_33_293
2018-04-16 20:34:26 INFO  GlobalSeleniumLibrary:486 - Testing file names: OrangeWebsiteTests2018_04_09_00_21_58_853.png
2018-04-16 20:34:26 INFO  GlobalSeleniumLibrary:494 - Testing file timestamp: 2018_04_09_00_21_58_853
2018-04-16 20:34:26 INFO  GlobalSeleniumLibrary:486 - Testing file names: OrangeWebsiteTests2018_04_09_00_24_37_247.png
2018-04-16 20:34:26 INFO  GlobalSeleniumLibrary:494 - Testing file timestamp: 2018_04_09_00_24_37_247
2018-04-16 20:34:26 INFO  GlobalSeleniumLibrary:486 - Testing file names: OrangeWebsiteTests2018_04_09_00_26_37_158.png
2018-04-16 20:34:26 INFO  GlobalSeleniumLibrary:494 - Testing file timestamp: 2018_04_09_00_26_37_158
2018-04-16 20:34:26 INFO  GlobalSeleniumLibrary:486 - Testing file names: OrangeWebsiteTests2018_04_09_00_27_36_763.png
2018-04-16 20:34:26 INFO  GlobalSeleniumLibrary:494 - Testing file timestamp: 2018_04_09_00_27_36_763
2018-04-16 20:34:26 INFO  GlobalSeleniumLibrary:486 - Testing file names: OrangeWebsiteTests2018_04_09_00_28_47_794.png
2018-04-16 20:34:26 INFO  GlobalSeleniumLibrary:494 - Testing file timestamp: 2018_04_09_00_28_47_794
2018-04-16 20:34:26 INFO  GlobalSeleniumLibrary:486 - Testing file names: OrangeWebsiteTests2018_04_09_01_06_31_368.png
2018-04-16 20:34:26 INFO  GlobalSeleniumLibrary:494 - Testing file timestamp: 2018_04_09_01_06_31_368
2018-04-16 20:34:26 INFO  EmailManager:73 - step1> preparing email configuration...
2018-04-16 20:34:26 INFO  EmailManager:119 - Step2> attaching report files & error screenshots...
2018-04-16 20:34:26 INFO  EmailManager:124 - Step3> Sending e-mail in progress...
2018-04-16 20:34:28 INFO  EmailManager:126 - Step4> Sending e-mail complete...
2018-04-16 20:46:21 INFO  GlobalSeleniumLibrary:486 - Testing file names: OrangeWebsiteTests2018_02_25_23_44_33_292.png
2018-04-16 20:46:21 INFO  GlobalSeleniumLibrary:494 - Testing file timestamp: 2018_02_25_23_44_33_292
2018-04-16 20:46:21 INFO  GlobalSeleniumLibrary:486 - Testing file names: OrangeWebsiteTests2018_02_26_00_08_54_518.png
2018-04-16 20:46:21 INFO  GlobalSeleniumLibrary:494 - Testing file timestamp: 2018_02_26_00_08_54_518
2018-04-16 20:46:21 INFO  GlobalSeleniumLibrary:486 - Testing file names: OrangeWebsiteTests2018_02_26_00_12_33_514.png
2018-04-16 20:46:21 INFO  GlobalSeleniumLibrary:494 - Testing file timestamp: 2018_02_26_00_12_33_514
2018-04-16 20:46:21 INFO  GlobalSeleniumLibrary:486 - Testing file names: OrangeWebsiteTests2018_02_26_00_44_42_79.png
2018-04-16 20:46:21 INFO  GlobalSeleniumLibrary:494 - Testing file timestamp: 2018_02_26_00_44_42_79
2018-04-16 20:46:21 INFO  GlobalSeleniumLibrary:486 - Testing file names: OrangeWebsiteTests2018_02_26_00_51_52_056.png
2018-04-16 20:46:21 INFO  GlobalSeleniumLibrary:494 - Testing file timestamp: 2018_02_26_00_51_52_056
2018-04-16 20:46:21 INFO  GlobalSeleniumLibrary:486 - Testing file names: OrangeWebsiteTests2018_02_26_00_52_42_886.png
2018-04-16 20:46:21 INFO  GlobalSeleniumLibrary:494 - Testing file timestamp: 2018_02_26_00_52_42_886
2018-04-16 20:46:21 INFO  GlobalSeleniumLibrary:486 - Testing file names: OrangeWebsiteTests2018_02_26_01_36_04_458.png
2018-04-16 20:46:21 INFO  GlobalSeleniumLibrary:494 - Testing file timestamp: 2018_02_26_01_36_04_458
2018-04-16 20:46:21 INFO  GlobalSeleniumLibrary:486 - Testing file names: OrangeWebsiteTests2018_02_26_01_39_02_615.png
2018-04-16 20:46:21 INFO  GlobalSeleniumLibrary:494 - Testing file timestamp: 2018_02_26_01_39_02_615
2018-04-16 20:46:21 INFO  GlobalSeleniumLibrary:486 - Testing file names: OrangeWebsiteTests2018_02_26_01_40_38_474.png
2018-04-16 20:46:21 INFO  GlobalSeleniumLibrary:494 - Testing file timestamp: 2018_02_26_01_40_38_474
2018-04-16 20:46:21 INFO  GlobalSeleniumLibrary:486 - Testing file names: OrangeWebsiteTests2018_02_26_03_19_11_601.png
2018-04-16 20:46:21 INFO  GlobalSeleniumLibrary:494 - Testing file timestamp: 2018_02_26_03_19_11_601
2018-04-16 20:46:21 INFO  GlobalSeleniumLibrary:486 - Testing file names: OrangeWebsiteTests2018_02_26_03_34_33_035.png
2018-04-16 20:46:21 INFO  GlobalSeleniumLibrary:494 - Testing file timestamp: 2018_02_26_03_34_33_035
2018-04-16 20:46:21 INFO  GlobalSeleniumLibrary:486 - Testing file names: OrangeWebsiteTests2018_02_26_08_39_23_466.png
2018-04-16 20:46:21 INFO  GlobalSeleniumLibrary:494 - Testing file timestamp: 2018_02_26_08_39_23_466
2018-04-16 20:46:21 INFO  GlobalSeleniumLibrary:486 - Testing file names: OrangeWebsiteTests2018_02_26_08_46_50_446.png
2018-04-16 20:46:21 INFO  GlobalSeleniumLibrary:494 - Testing file timestamp: 2018_02_26_08_46_50_446
2018-04-16 20:46:21 INFO  GlobalSeleniumLibrary:486 - Testing file names: OrangeWebsiteTests2018_02_26_08_46_52_459.png
2018-04-16 20:46:21 INFO  GlobalSeleniumLibrary:494 - Testing file timestamp: 2018_02_26_08_46_52_459
2018-04-16 20:46:21 INFO  GlobalSeleniumLibrary:486 - Testing file names: OrangeWebsiteTests2018_02_26_08_48_58_483.png
2018-04-16 20:46:21 INFO  GlobalSeleniumLibrary:494 - Testing file timestamp: 2018_02_26_08_48_58_483
2018-04-16 20:46:21 INFO  GlobalSeleniumLibrary:486 - Testing file names: OrangeWebsiteTests2018_02_26_09_04_53_64.png
2018-04-16 20:46:21 INFO  GlobalSeleniumLibrary:494 - Testing file timestamp: 2018_02_26_09_04_53_64
2018-04-16 20:46:21 INFO  GlobalSeleniumLibrary:486 - Testing file names: OrangeWebsiteTests2018_02_26_15_21_18_817.png
2018-04-16 20:46:21 INFO  GlobalSeleniumLibrary:494 - Testing file timestamp: 2018_02_26_15_21_18_817
2018-04-16 20:46:21 INFO  GlobalSeleniumLibrary:486 - Testing file names: OrangeWebsiteTests2018_02_26_15_22_31_582.png
2018-04-16 20:46:21 INFO  GlobalSeleniumLibrary:494 - Testing file timestamp: 2018_02_26_15_22_31_582
2018-04-16 20:46:21 INFO  GlobalSeleniumLibrary:486 - Testing file names: OrangeWebsiteTests2018_04_08_17_03_32_185.png
2018-04-16 20:46:21 INFO  GlobalSeleniumLibrary:494 - Testing file timestamp: 2018_04_08_17_03_32_185
2018-04-16 20:46:21 INFO  GlobalSeleniumLibrary:486 - Testing file names: OrangeWebsiteTests2018_04_08_17_03_33_293.png
2018-04-16 20:46:21 INFO  GlobalSeleniumLibrary:494 - Testing file timestamp: 2018_04_08_17_03_33_293
2018-04-16 20:46:21 INFO  GlobalSeleniumLibrary:486 - Testing file names: OrangeWebsiteTests2018_04_09_00_21_58_853.png
2018-04-16 20:46:21 INFO  GlobalSeleniumLibrary:494 - Testing file timestamp: 2018_04_09_00_21_58_853
2018-04-16 20:46:21 INFO  GlobalSeleniumLibrary:486 - Testing file names: OrangeWebsiteTests2018_04_09_00_24_37_247.png
2018-04-16 20:46:21 INFO  GlobalSeleniumLibrary:494 - Testing file timestamp: 2018_04_09_00_24_37_247
2018-04-16 20:46:21 INFO  GlobalSeleniumLibrary:486 - Testing file names: OrangeWebsiteTests2018_04_09_00_26_37_158.png
2018-04-16 20:46:21 INFO  GlobalSeleniumLibrary:494 - Testing file timestamp: 2018_04_09_00_26_37_158
2018-04-16 20:46:21 INFO  GlobalSeleniumLibrary:486 - Testing file names: OrangeWebsiteTests2018_04_09_00_27_36_763.png
2018-04-16 20:46:21 INFO  GlobalSeleniumLibrary:494 - Testing file timestamp: 2018_04_09_00_27_36_763
2018-04-16 20:46:21 INFO  GlobalSeleniumLibrary:486 - Testing file names: OrangeWebsiteTests2018_04_09_00_28_47_794.png
2018-04-16 20:46:21 INFO  GlobalSeleniumLibrary:494 - Testing file timestamp: 2018_04_09_00_28_47_794
2018-04-16 20:46:21 INFO  GlobalSeleniumLibrary:486 - Testing file names: OrangeWebsiteTests2018_04_09_01_06_31_368.png
2018-04-16 20:46:21 INFO  GlobalSeleniumLibrary:494 - Testing file timestamp: 2018_04_09_01_06_31_368
2018-04-16 20:49:50 INFO  GlobalSeleniumLibrary:486 - Testing file names: OrangeWebsiteTests2018_02_25_23_44_33_292.png
2018-04-16 20:49:50 INFO  GlobalSeleniumLibrary:494 - Testing file timestamp: 2018_02_25_23_44_33_292
2018-04-16 20:49:50 INFO  GlobalSeleniumLibrary:486 - Testing file names: OrangeWebsiteTests2018_02_26_00_08_54_518.png
2018-04-16 20:49:50 INFO  GlobalSeleniumLibrary:494 - Testing file timestamp: 2018_02_26_00_08_54_518
2018-04-16 20:49:50 INFO  GlobalSeleniumLibrary:486 - Testing file names: OrangeWebsiteTests2018_02_26_00_12_33_514.png
2018-04-16 20:49:50 INFO  GlobalSeleniumLibrary:494 - Testing file timestamp: 2018_02_26_00_12_33_514
2018-04-16 20:49:50 INFO  GlobalSeleniumLibrary:486 - Testing file names: OrangeWebsiteTests2018_02_26_00_44_42_79.png
2018-04-16 20:49:50 INFO  GlobalSeleniumLibrary:494 - Testing file timestamp: 2018_02_26_00_44_42_79
2018-04-16 20:49:50 INFO  GlobalSeleniumLibrary:486 - Testing file names: OrangeWebsiteTests2018_02_26_00_51_52_056.png
2018-04-16 20:49:50 INFO  GlobalSeleniumLibrary:494 - Testing file timestamp: 2018_02_26_00_51_52_056
2018-04-16 20:49:50 INFO  GlobalSeleniumLibrary:486 - Testing file names: OrangeWebsiteTests2018_02_26_00_52_42_886.png
2018-04-16 20:49:50 INFO  GlobalSeleniumLibrary:494 - Testing file timestamp: 2018_02_26_00_52_42_886
2018-04-16 20:49:50 INFO  GlobalSeleniumLibrary:486 - Testing file names: OrangeWebsiteTests2018_02_26_01_36_04_458.png
2018-04-16 20:49:50 INFO  GlobalSeleniumLibrary:494 - Testing file timestamp: 2018_02_26_01_36_04_458
2018-04-16 20:49:50 INFO  GlobalSeleniumLibrary:486 - Testing file names: OrangeWebsiteTests2018_02_26_01_39_02_615.png
2018-04-16 20:49:50 INFO  GlobalSeleniumLibrary:494 - Testing file timestamp: 2018_02_26_01_39_02_615
2018-04-16 20:49:50 INFO  GlobalSeleniumLibrary:486 - Testing file names: OrangeWebsiteTests2018_02_26_01_40_38_474.png
2018-04-16 20:49:50 INFO  GlobalSeleniumLibrary:494 - Testing file timestamp: 2018_02_26_01_40_38_474
2018-04-16 20:49:50 INFO  GlobalSeleniumLibrary:486 - Testing file names: OrangeWebsiteTests2018_02_26_03_19_11_601.png
2018-04-16 20:49:50 INFO  GlobalSeleniumLibrary:494 - Testing file timestamp: 2018_02_26_03_19_11_601
2018-04-16 20:49:50 INFO  GlobalSeleniumLibrary:486 - Testing file names: OrangeWebsiteTests2018_02_26_03_34_33_035.png
2018-04-16 20:49:50 INFO  GlobalSeleniumLibrary:494 - Testing file timestamp: 2018_02_26_03_34_33_035
2018-04-16 20:49:50 INFO  GlobalSeleniumLibrary:486 - Testing file names: OrangeWebsiteTests2018_02_26_08_39_23_466.png
2018-04-16 20:49:50 INFO  GlobalSeleniumLibrary:494 - Testing file timestamp: 2018_02_26_08_39_23_466
2018-04-16 20:49:50 INFO  GlobalSeleniumLibrary:486 - Testing file names: OrangeWebsiteTests2018_02_26_08_46_50_446.png
2018-04-16 20:49:50 INFO  GlobalSeleniumLibrary:494 - Testing file timestamp: 2018_02_26_08_46_50_446
2018-04-16 20:49:50 INFO  GlobalSeleniumLibrary:486 - Testing file names: OrangeWebsiteTests2018_02_26_08_46_52_459.png
2018-04-16 20:49:50 INFO  GlobalSeleniumLibrary:494 - Testing file timestamp: 2018_02_26_08_46_52_459
2018-04-16 20:49:50 INFO  GlobalSeleniumLibrary:486 - Testing file names: OrangeWebsiteTests2018_02_26_08_48_58_483.png
2018-04-16 20:49:50 INFO  GlobalSeleniumLibrary:494 - Testing file timestamp: 2018_02_26_08_48_58_483
2018-04-16 20:49:50 INFO  GlobalSeleniumLibrary:486 - Testing file names: OrangeWebsiteTests2018_02_26_09_04_53_64.png
2018-04-16 20:49:50 INFO  GlobalSeleniumLibrary:494 - Testing file timestamp: 2018_02_26_09_04_53_64
2018-04-16 20:49:50 INFO  GlobalSeleniumLibrary:486 - Testing file names: OrangeWebsiteTests2018_02_26_15_21_18_817.png
2018-04-16 20:49:50 INFO  GlobalSeleniumLibrary:494 - Testing file timestamp: 2018_02_26_15_21_18_817
2018-04-16 20:49:50 INFO  GlobalSeleniumLibrary:486 - Testing file names: OrangeWebsiteTests2018_02_26_15_22_31_582.png
2018-04-16 20:49:50 INFO  GlobalSeleniumLibrary:494 - Testing file timestamp: 2018_02_26_15_22_31_582
2018-04-16 20:49:50 INFO  GlobalSeleniumLibrary:486 - Testing file names: OrangeWebsiteTests2018_04_08_17_03_32_185.png
2018-04-16 20:49:50 INFO  GlobalSeleniumLibrary:494 - Testing file timestamp: 2018_04_08_17_03_32_185
2018-04-16 20:49:50 INFO  GlobalSeleniumLibrary:486 - Testing file names: OrangeWebsiteTests2018_04_08_17_03_33_293.png
2018-04-16 20:49:50 INFO  GlobalSeleniumLibrary:494 - Testing file timestamp: 2018_04_08_17_03_33_293
2018-04-16 20:49:50 INFO  GlobalSeleniumLibrary:486 - Testing file names: OrangeWebsiteTests2018_04_09_00_21_58_853.png
2018-04-16 20:49:50 INFO  GlobalSeleniumLibrary:494 - Testing file timestamp: 2018_04_09_00_21_58_853
2018-04-16 20:49:50 INFO  GlobalSeleniumLibrary:486 - Testing file names: OrangeWebsiteTests2018_04_09_00_24_37_247.png
2018-04-16 20:49:50 INFO  GlobalSeleniumLibrary:494 - Testing file timestamp: 2018_04_09_00_24_37_247
2018-04-16 20:49:50 INFO  GlobalSeleniumLibrary:486 - Testing file names: OrangeWebsiteTests2018_04_09_00_26_37_158.png
2018-04-16 20:49:50 INFO  GlobalSeleniumLibrary:494 - Testing file timestamp: 2018_04_09_00_26_37_158
2018-04-16 20:49:50 INFO  GlobalSeleniumLibrary:486 - Testing file names: OrangeWebsiteTests2018_04_09_00_27_36_763.png
2018-04-16 20:49:50 INFO  GlobalSeleniumLibrary:494 - Testing file timestamp: 2018_04_09_00_27_36_763
2018-04-16 20:49:50 INFO  GlobalSeleniumLibrary:486 - Testing file names: OrangeWebsiteTests2018_04_09_00_28_47_794.png
2018-04-16 20:49:50 INFO  GlobalSeleniumLibrary:494 - Testing file timestamp: 2018_04_09_00_28_47_794
2018-04-16 20:49:50 INFO  GlobalSeleniumLibrary:486 - Testing file names: OrangeWebsiteTests2018_04_09_01_06_31_368.png
2018-04-16 20:49:50 INFO  GlobalSeleniumLibrary:494 - Testing file timestamp: 2018_04_09_01_06_31_368
2018-04-19 09:27:30 INFO  GlobalSeleniumLibrary:486 - Testing file names: OrangeWebsiteTests2018_02_25_23_44_33_292.png
2018-04-19 09:27:30 INFO  GlobalSeleniumLibrary:494 - Testing file timestamp: 2018_02_25_23_44_33_292
2018-04-19 09:27:30 INFO  GlobalSeleniumLibrary:486 - Testing file names: OrangeWebsiteTests2018_02_26_00_08_54_518.png
2018-04-19 09:27:30 INFO  GlobalSeleniumLibrary:494 - Testing file timestamp: 2018_02_26_00_08_54_518
2018-04-19 09:27:30 INFO  GlobalSeleniumLibrary:486 - Testing file names: OrangeWebsiteTests2018_02_26_00_12_33_514.png
2018-04-19 09:27:30 INFO  GlobalSeleniumLibrary:494 - Testing file timestamp: 2018_02_26_00_12_33_514
2018-04-19 09:27:30 INFO  GlobalSeleniumLibrary:486 - Testing file names: OrangeWebsiteTests2018_02_26_00_44_42_79.png
2018-04-19 09:27:30 INFO  GlobalSeleniumLibrary:494 - Testing file timestamp: 2018_02_26_00_44_42_79
2018-04-19 09:27:30 INFO  GlobalSeleniumLibrary:486 - Testing file names: OrangeWebsiteTests2018_02_26_00_51_52_056.png
2018-04-19 09:27:30 INFO  GlobalSeleniumLibrary:494 - Testing file timestamp: 2018_02_26_00_51_52_056
2018-04-19 09:27:30 INFO  GlobalSeleniumLibrary:486 - Testing file names: OrangeWebsiteTests2018_02_26_00_52_42_886.png
2018-04-19 09:27:30 INFO  GlobalSeleniumLibrary:494 - Testing file timestamp: 2018_02_26_00_52_42_886
2018-04-19 09:27:30 INFO  GlobalSeleniumLibrary:486 - Testing file names: OrangeWebsiteTests2018_02_26_01_36_04_458.png
2018-04-19 09:27:30 INFO  GlobalSeleniumLibrary:494 - Testing file timestamp: 2018_02_26_01_36_04_458
2018-04-19 09:27:30 INFO  GlobalSeleniumLibrary:486 - Testing file names: OrangeWebsiteTests2018_02_26_01_39_02_615.png
2018-04-19 09:27:30 INFO  GlobalSeleniumLibrary:494 - Testing file timestamp: 2018_02_26_01_39_02_615
2018-04-19 09:27:30 INFO  GlobalSeleniumLibrary:486 - Testing file names: OrangeWebsiteTests2018_02_26_01_40_38_474.png
2018-04-19 09:27:30 INFO  GlobalSeleniumLibrary:494 - Testing file timestamp: 2018_02_26_01_40_38_474
2018-04-19 09:27:30 INFO  GlobalSeleniumLibrary:486 - Testing file names: OrangeWebsiteTests2018_02_26_03_19_11_601.png
2018-04-19 09:27:30 INFO  GlobalSeleniumLibrary:494 - Testing file timestamp: 2018_02_26_03_19_11_601
2018-04-19 09:27:30 INFO  GlobalSeleniumLibrary:486 - Testing file names: OrangeWebsiteTests2018_02_26_03_34_33_035.png
2018-04-19 09:27:30 INFO  GlobalSeleniumLibrary:494 - Testing file timestamp: 2018_02_26_03_34_33_035
2018-04-19 09:27:30 INFO  GlobalSeleniumLibrary:486 - Testing file names: OrangeWebsiteTests2018_02_26_08_39_23_466.png
2018-04-19 09:27:30 INFO  GlobalSeleniumLibrary:494 - Testing file timestamp: 2018_02_26_08_39_23_466
2018-04-19 09:27:30 INFO  GlobalSeleniumLibrary:486 - Testing file names: OrangeWebsiteTests2018_02_26_08_46_50_446.png
2018-04-19 09:27:30 INFO  GlobalSeleniumLibrary:494 - Testing file timestamp: 2018_02_26_08_46_50_446
2018-04-19 09:27:30 INFO  GlobalSeleniumLibrary:486 - Testing file names: OrangeWebsiteTests2018_02_26_08_46_52_459.png
2018-04-19 09:27:30 INFO  GlobalSeleniumLibrary:494 - Testing file timestamp: 2018_02_26_08_46_52_459
2018-04-19 09:27:30 INFO  GlobalSeleniumLibrary:486 - Testing file names: OrangeWebsiteTests2018_02_26_08_48_58_483.png
2018-04-19 09:27:30 INFO  GlobalSeleniumLibrary:494 - Testing file timestamp: 2018_02_26_08_48_58_483
2018-04-19 09:27:30 INFO  GlobalSeleniumLibrary:486 - Testing file names: OrangeWebsiteTests2018_02_26_09_04_53_64.png
2018-04-19 09:27:30 INFO  GlobalSeleniumLibrary:494 - Testing file timestamp: 2018_02_26_09_04_53_64
2018-04-19 09:27:30 INFO  GlobalSeleniumLibrary:486 - Testing file names: OrangeWebsiteTests2018_02_26_15_21_18_817.png
2018-04-19 09:27:30 INFO  GlobalSeleniumLibrary:494 - Testing file timestamp: 2018_02_26_15_21_18_817
2018-04-19 09:27:30 INFO  GlobalSeleniumLibrary:486 - Testing file names: OrangeWebsiteTests2018_02_26_15_22_31_582.png
2018-04-19 09:27:30 INFO  GlobalSeleniumLibrary:494 - Testing file timestamp: 2018_02_26_15_22_31_582
2018-04-19 09:27:30 INFO  GlobalSeleniumLibrary:486 - Testing file names: OrangeWebsiteTests2018_04_08_17_03_32_185.png
2018-04-19 09:27:30 INFO  GlobalSeleniumLibrary:494 - Testing file timestamp: 2018_04_08_17_03_32_185
2018-04-19 09:27:30 INFO  GlobalSeleniumLibrary:486 - Testing file names: OrangeWebsiteTests2018_04_08_17_03_33_293.png
2018-04-19 09:27:30 INFO  GlobalSeleniumLibrary:494 - Testing file timestamp: 2018_04_08_17_03_33_293
2018-04-19 09:27:30 INFO  GlobalSeleniumLibrary:486 - Testing file names: OrangeWebsiteTests2018_04_09_00_21_58_853.png
2018-04-19 09:27:30 INFO  GlobalSeleniumLibrary:494 - Testing file timestamp: 2018_04_09_00_21_58_853
2018-04-19 09:27:30 INFO  GlobalSeleniumLibrary:486 - Testing file names: OrangeWebsiteTests2018_04_09_00_24_37_247.png
2018-04-19 09:27:30 INFO  GlobalSeleniumLibrary:494 - Testing file timestamp: 2018_04_09_00_24_37_247
2018-04-19 09:27:30 INFO  GlobalSeleniumLibrary:486 - Testing file names: OrangeWebsiteTests2018_04_09_00_26_37_158.png
2018-04-19 09:27:30 INFO  GlobalSeleniumLibrary:494 - Testing file timestamp: 2018_04_09_00_26_37_158
2018-04-19 09:27:30 INFO  GlobalSeleniumLibrary:486 - Testing file names: OrangeWebsiteTests2018_04_09_00_27_36_763.png
2018-04-19 09:27:30 INFO  GlobalSeleniumLibrary:494 - Testing file timestamp: 2018_04_09_00_27_36_763
2018-04-19 09:27:30 INFO  GlobalSeleniumLibrary:486 - Testing file names: OrangeWebsiteTests2018_04_09_00_28_47_794.png
2018-04-19 09:27:30 INFO  GlobalSeleniumLibrary:494 - Testing file timestamp: 2018_04_09_00_28_47_794
2018-04-19 09:27:30 INFO  GlobalSeleniumLibrary:486 - Testing file names: OrangeWebsiteTests2018_04_09_01_06_31_368.png
2018-04-19 09:27:30 INFO  GlobalSeleniumLibrary:494 - Testing file timestamp: 2018_04_09_01_06_31_368
